[1m@storybook/core v8.6.12
[22m
info => Cleaning outputDir: [36m../../../../../var/folders/t1/86sdqc012r1_6g4cm_4kt10r0000gn/T/chromatic--110-17qcYpOAxM1j[39m
info => Loading presets
info => Building manager..
WARN unable to find package.json for @chromatic-com/shared-e2e
WARN unable to find package.json for @storybook/types
WARN unable to find package.json for express
info => Manager built ([38;2;181;126;229m80 ms[39m)
info => Building preview..
WARN No story files found for the specified pattern: [34mtest-results/chromatic-archives/chromatic-archives/*.stories.json[39m
info Addon-docs: using MDX3
info => Using implicit CSS loaders
info => Using default Webpack5 setup
info => Copying static files: [36mtest-results/chromatic-archives/chromatic-archives/archive[39m at [36m../../../../../var/folders/t1/86sdqc012r1_6g4cm_4kt10r0000gn/T/chromatic--110-17qcYpOAxM1j[39m
WARN asset size limit: The following asset(s) exceed the recommended size limit (244 KiB).
WARN This can impact web performance.
WARN Assets: 
WARN   894.3cadcd11.iframe.bundle.js (1.38 MiB)
info => Preview built ([38;2;181;126;229m2.23 s[39m)
info => Output directory: /var/folders/t1/86sdqc012r1_6g4cm_4kt10r0000gn/T/chromatic--110-17qcYpOAxM1j
